2017-12-10 12:02:41 INFO  Logging:27 - Logged in as Employee
2017-12-10 12:02:44 INFO  Logging:27 - Reimbursement requests of 123had been requested
2017-12-10 12:03:41 INFO  Logging:27 - Info requests for 123 has been requested
2017-12-10 12:04:31 INFO  Logging:27 - jeff has submitted a request
2017-12-10 12:04:43 INFO  Logging:27 - jeff has logged out
2017-12-10 13:48:02 INFO  Logging:27 - jeff has attempted to login
2017-12-10 13:48:02 INFO  Logging:27 - Login has failed
2017-12-10 13:48:24 INFO  Logging:27 - jeff has attempted to login
2017-12-10 13:48:24 INFO  Logging:27 - Login has failed
2017-12-10 13:59:34 INFO  Logging:27 - jeff has logged in as Employee
2017-12-10 13:59:36 INFO  Logging:27 - No requests for 141
2017-12-10 13:59:38 INFO  Logging:27 - No info requests present for 141
2017-12-10 14:00:12 INFO  Logging:27 - jeff had an issue submitting a request
2017-12-10 14:01:25 INFO  Logging:27 - jeff has submitted a request
2017-12-10 14:02:33 INFO  Logging:27 - jeff has logged in as Employee
2017-12-10 14:02:35 INFO  Logging:27 - Reimbursement requests of 141 had been requested
2017-12-10 14:03:25 INFO  Logging:27 - jeff has logged out
2017-12-10 14:03:35 INFO  Logging:27 - jordan has ogged in as Admin
2017-12-10 14:04:34 INFO  Logging:27 - No info requests present
2017-12-10 14:06:30 INFO  Logging:27 - jordan has logged out
2017-12-10 14:06:34 INFO  Logging:27 - jeff has logged in as Employee
2017-12-10 14:06:39 INFO  Logging:27 - Info requests for 141 has been requested
2017-12-10 14:06:52 INFO  Logging:27 - Information Request: 21 has been updated
2017-12-10 14:06:57 INFO  Logging:27 - Reimbursement requests of 141 had been requested
2017-12-10 14:07:07 INFO  Logging:27 - han has ogged in as Admin
2017-12-10 14:07:11 INFO  Logging:27 - Info requests Requested
2017-12-10 14:11:36 INFO  Logging:27 - han has logged in as Admin
2017-12-10 14:11:43 INFO  Logging:27 - Request of 14.8 has been approved for han
2017-12-10 14:12:06 INFO  Logging:27 - han has logged out
2017-12-10 14:18:13 INFO  Logging:27 - jeff has logged in as Employee
2017-12-10 14:18:40 INFO  Logging:27 - jeff has submitted a request
2017-12-10 14:21:12 INFO  Logging:27 - jeff has logged in as Employee
2017-12-10 14:21:13 INFO  Logging:27 - Reimbursement requests of 141 had been requested
2017-12-10 14:21:39 INFO  Logging:27 - jeff has submitted a request
2017-12-10 14:21:39 INFO  Logging:27 - Request of 17.099999999999998 subtracted from available amount by jeff
2017-12-10 14:21:41 INFO  Logging:27 - Reimbursement requests of 141 had been requested
2017-12-10 14:22:01 INFO  Logging:27 - jeff has logged out
2017-12-10 14:22:07 INFO  Logging:27 - han has logged in as Admin
2017-12-10 14:22:23 INFO  Logging:27 - Request of 15.0 has been approved for jeff
2017-12-10 21:45:09 INFO  Logging:27 - jeff has logged in as Employee
2017-12-10 21:45:14 INFO  Logging:27 - Info requests for 141 has been requested
2017-12-10 21:45:16 INFO  Logging:27 - Reimbursement requests of 141 had been requested
2017-12-10 21:45:19 INFO  Logging:27 - jeff has logged out
2017-12-10 21:59:21 INFO  Logging:27 - jeff has logged in as Employee
2017-12-10 21:59:24 INFO  Logging:27 - No requests for 141
2017-12-10 22:00:17 INFO  Logging:27 - jeff has submitted a request
2017-12-10 22:00:18 INFO  Logging:27 - Request of 18.0 subtracted from available amount by jeff
2017-12-10 22:00:20 INFO  Logging:27 - Reimbursement requests of 141 had been requested
2017-12-10 22:00:39 INFO  Logging:27 - han has logged in as Admin
2017-12-10 22:04:22 INFO  Logging:27 - jeff has logged in as Employee
2017-12-10 22:04:28 INFO  Logging:27 - han has logged in as Admin
2017-12-10 22:08:04 INFO  Logging:27 - jeff has logged in as Employee
2017-12-10 22:08:06 INFO  Logging:27 - Reimbursement requests of 141 had been requested
2017-12-10 22:09:57 INFO  Logging:27 - jeff has logged in as Employee
2017-12-10 22:11:57 INFO  Logging:27 - jeff has logged in as Employee
2017-12-10 22:11:59 INFO  Logging:27 - Reimbursement requests of 141 had been requested
2017-12-10 22:13:59 INFO  Logging:27 - jeff has logged in as Employee
2017-12-10 22:14:01 INFO  Logging:27 - jeff has logged out
2017-12-10 22:14:23 INFO  Logging:27 - jeff has logged in as Employee
2017-12-10 22:14:53 INFO  Logging:27 - jeff has logged in as Employee
2017-12-10 22:14:54 INFO  Logging:27 - Reimbursement requests of 141 had been requested
2017-12-10 22:16:24 INFO  Logging:27 - jeff has attempted to login
2017-12-10 22:16:24 INFO  Logging:27 - Login has failed
2017-12-10 22:16:30 INFO  Logging:27 - jeff has logged in as Employee
2017-12-10 22:16:32 INFO  Logging:27 - jeff has logged out
2017-12-10 22:17:33 INFO  Logging:27 - jeff has logged in as Employee
2017-12-10 22:17:53 INFO  Logging:27 - han has logged in as Admin
2017-12-10 22:19:24 INFO  Logging:27 - jeff has attempted to login
2017-12-10 22:19:24 INFO  Logging:27 - Login has failed
2017-12-10 22:19:29 INFO  Logging:27 - jeff has logged in as Employee
2017-12-10 22:20:08 INFO  Logging:27 - han has logged in as Admin
2017-12-10 22:21:48 INFO  Logging:27 - jeff has logged in as Employee
2017-12-10 22:25:22 INFO  Logging:27 - jeff has logged in as Employee
2017-12-10 22:31:37 INFO  Logging:27 - jeff has logged in as Employee
2017-12-10 22:35:58 INFO  Logging:27 - jeff has logged in as Employee
2017-12-10 22:36:00 INFO  Logging:27 - jeff has logged out
2017-12-10 22:36:40 INFO  Logging:27 - jeff has logged in as Employee
2017-12-10 22:37:51 INFO  Logging:27 - jeff has logged in as Employee
2017-12-10 22:38:55 INFO  Logging:27 - jeff has logged in as Employee
2017-12-10 22:39:31 INFO  Logging:27 - jeff has logged in as Employee
2017-12-10 22:39:33 INFO  Logging:27 - jeff has logged out
2017-12-10 22:39:58 INFO  Logging:27 - han has logged in as Admin
2017-12-10 22:40:01 INFO  Logging:27 - han has logged out
2017-12-10 22:40:04 INFO  Logging:27 - jeff has logged in as Employee
2017-12-10 22:40:05 INFO  Logging:27 - jeff has logged out
2017-12-10 22:41:52 INFO  Logging:27 - jeff has logged in as Employee
2017-12-10 22:43:05 INFO  Logging:27 - jeff has logged in as Employee
2017-12-10 22:43:33 INFO  Logging:27 - jeff has logged in as Employee
2017-12-10 22:43:37 INFO  Logging:27 - jeff has logged out
2017-12-10 22:43:59 INFO  Logging:27 - jeff has logged in as Employee
2017-12-10 22:44:25 INFO  Logging:27 - jeff has logged in as Employee
2017-12-10 22:44:51 INFO  Logging:27 - jeff has logged in as Employee
2017-12-10 22:44:57 INFO  Logging:27 - jeff has logged out
2017-12-10 22:45:18 INFO  Logging:27 - han has logged in as Admin
2017-12-10 22:45:26 INFO  Logging:27 - han has logged out
2017-12-10 22:46:28 INFO  Logging:27 - jeff has logged in as Employee
2017-12-10 22:47:03 INFO  Logging:27 - jeff has submitted a request
2017-12-10 22:47:03 INFO  Logging:27 - Request of 20.0 subtracted from available amount by jeff
2017-12-10 22:47:07 INFO  Logging:27 - Reimbursement requests of 141 had been requested
2017-12-10 22:47:13 INFO  Logging:27 - jeff has logged out
2017-12-10 22:47:19 INFO  Logging:27 - han has logged in as Admin
2017-12-10 22:47:31 INFO  Logging:27 - Request of 18.0 has been approved for jeff
2017-12-10 22:47:45 INFO  Logging:27 - Info requests Requested
2017-12-10 22:47:48 INFO  Logging:27 - han has logged out
2017-12-10 22:47:55 INFO  Logging:27 - jeff has logged in as Employee
2017-12-10 22:48:00 INFO  Logging:27 - Info requests for 141 has been requested
2017-12-10 22:48:17 INFO  Logging:27 - Information Request: 22 has been updated
2017-12-10 22:48:22 INFO  Logging:27 - Reimbursement requests of 141 had been requested
2017-12-10 22:48:27 INFO  Logging:27 - jeff has logged out
2017-12-10 22:48:34 INFO  Logging:27 - han has logged in as Admin
2017-12-10 22:48:37 INFO  Logging:27 - Info requests Requested
2017-12-10 22:48:47 INFO  Logging:27 - han has logged out
2017-12-10 22:51:20 INFO  Logging:27 - jeff has logged in as Employee
2017-12-10 22:51:22 INFO  Logging:27 - Reimbursement requests of 141 had been requested
2017-12-10 22:52:50 INFO  Logging:27 - jeff has logged in as Employee
2017-12-10 22:52:53 INFO  Logging:27 - Reimbursement requests of 141 had been requested
2017-12-10 22:54:21 INFO  Logging:27 - jeff has logged in as Employee
2017-12-10 22:54:25 INFO  Logging:27 - Reimbursement requests of 141 had been requested
2017-12-10 22:56:32 INFO  Logging:27 - jeff has logged in as Employee
2017-12-10 22:56:35 INFO  Logging:27 - Reimbursement requests of 141 had been requested
2017-12-10 22:57:48 INFO  Logging:27 - jeff has logged in as Employee
2017-12-10 22:57:50 INFO  Logging:27 - Reimbursement requests of 141 had been requested
2017-12-10 22:58:42 INFO  Logging:27 - jeff has logged in as Employee
2017-12-10 22:58:43 INFO  Logging:27 - Reimbursement requests of 141 had been requested
2017-12-10 22:58:53 INFO  Logging:27 - jeff has logged out
2017-12-10 22:59:54 INFO  Logging:27 - jeff has logged in as Employee
2017-12-10 22:59:56 INFO  Logging:27 - Reimbursement requests of 141 had been requested
2017-12-10 23:00:00 INFO  Logging:27 - Info requests for 141 has been requested
2017-12-10 23:00:38 INFO  Logging:27 - jeff has submitted a request
2017-12-10 23:00:39 INFO  Logging:27 - Request of 27.0 subtracted from available amount by jeff
2017-12-10 23:00:40 INFO  Logging:27 - Reimbursement requests of 141 had been requested
2017-12-10 23:00:53 INFO  Logging:27 - jeff has logged out
2017-12-10 23:00:59 INFO  Logging:27 - jordan has logged in as Admin
2017-12-10 23:01:24 INFO  Logging:27 - Request of 27.0 has been denied for jeff
2017-12-10 23:01:38 INFO  Logging:27 - Info requests Requested
2017-12-10 23:01:42 INFO  Logging:27 - jordan has logged out
2017-12-10 23:01:47 INFO  Logging:27 - jeff has logged in as Employee
2017-12-10 23:01:49 INFO  Logging:27 - Reimbursement requests of 141 had been requested
2017-12-10 23:01:58 INFO  Logging:27 - Info requests for 141 has been requested
2017-12-10 23:02:10 INFO  Logging:27 - Information Request: 23 has been updated
2017-12-10 23:02:13 INFO  Logging:27 - jeff has logged out
2017-12-10 23:02:18 INFO  Logging:27 - han has logged in as Admin
2017-12-10 23:02:23 INFO  Logging:27 - Info requests Requested
2017-12-10 23:02:50 INFO  Logging:27 - Request of 18.0 has been approved for jeff
2017-12-10 23:02:53 INFO  Logging:27 - han has logged out
2017-12-10 23:02:59 INFO  Logging:27 - jeff has logged in as Employee
2017-12-10 23:03:00 INFO  Logging:27 - Reimbursement requests of 141 had been requested
2017-12-10 23:03:11 INFO  Logging:27 - jeff has logged out
2017-12-10 23:03:14 INFO  Logging:27 - han has logged in as Admin
2017-12-10 23:03:38 INFO  Logging:27 - Request of 20.0 has been approved for jeff
2017-12-10 23:03:41 INFO  Logging:27 - han has logged out
2017-12-10 23:03:45 INFO  Logging:27 - jeff has logged in as Employee
2017-12-10 23:03:47 INFO  Logging:27 - Reimbursement requests of 141 had been requested
2017-12-10 23:03:49 INFO  Logging:27 - jeff has logged out
