2017-11-11 21:49:28 INFO  class:154 - USER: Nasir HAS BEEN APPROVED FOR ADMIN ACCESS
2017-11-11 21:50:34 TRACE class:63 - ADMIN: Nasir HAS LOGGED IN
2017-11-11 21:50:54 DEBUG class:217 - ADMIN: Nasir APPROVED USER: ghermann
2017-11-11 21:50:54 DEBUG class:224 - ADMIN: Nasir APPROVED ALL PENDING USERS
2017-11-11 21:50:54 DEBUG class:224 - ADMIN: Nasir APPROVED ALL PENDING USERS
2017-11-11 21:51:22 INFO  class:82 - ADMIN: Nasir LOGGED OUT
2017-11-11 21:51:45 TRACE class:17 - USER: ghermann HAS LOGGED IN
2017-11-11 21:51:52 TRACE class:78 - USER: ghermann DEPOSITED $1900.0
2017-11-11 21:52:06 INFO  class:34 - USER: ghermann LOGGED OUT
2017-11-11 21:52:23 TRACE class:17 - USER: ajacobson HAS LOGGED IN
2017-11-11 21:52:40 WARN  class:113 - USER: ajacobson APPLIED FOR $4500.0 LOAN
2017-11-11 21:52:50 TRACE class:78 - USER: ajacobson DEPOSITED $256.0
2017-11-11 21:52:52 INFO  class:34 - USER: ajacobson LOGGED OUT
2017-11-11 21:53:01 TRACE class:17 - USER: jcd HAS LOGGED IN
2017-11-11 21:53:23 WARN  class:113 - USER: jcd APPLIED FOR $9500.0 LOAN
2017-11-11 21:53:28 INFO  class:34 - USER: jcd LOGGED OUT
2017-11-11 21:53:40 TRACE class:63 - ADMIN: Nasir HAS LOGGED IN
2017-11-11 21:54:00 WARN  class:169 - USER: ajacobson HAS BEEN APPROVED FOR LOAN OF $4500.0
2017-11-11 21:54:00 WARN  class:272 - ADMIN: Nasir APPROVED USER: ajacobson FOR LOAN REQUEST
2017-11-11 21:54:20 WARN  class:159 - USER: ghermann HAS BEEN LOCKED
2017-11-11 21:54:20 WARN  class:242 - ADMIN: Nasir LOCKED USER: ghermann
2017-11-11 21:54:46 INFO  class:154 - USER: jcd HAS BEEN APPROVED FOR ADMIN ACCESS
2017-11-11 21:54:46 WARN  class:116 - ADMIN: Nasir WAS SEEKING TO PROMOTE AN ACCOUNT
2017-11-11 21:55:19 DEBUG class:180 - USER: jcd HAS BEEN DENIED FOR LOAN OF $9500.0
2017-11-11 21:55:19 DEBUG class:287 - ADMIN: Nasir DENIED USER: jcd FOR LOAN REQUEST
2017-11-11 21:55:28 INFO  class:82 - ADMIN: Nasir LOGGED OUT
2017-11-11 21:55:51 TRACE class:17 - USER: jcd HAS LOGGED IN
2017-11-11 21:56:01 WARN  class:113 - USER: jcd APPLIED FOR $30000.0 LOAN
2017-11-11 21:56:06 INFO  class:34 - USER: jcd LOGGED OUT
2017-11-11 21:56:25 TRACE class:63 - ADMIN: jcd HAS LOGGED IN
2017-11-11 21:56:36 INFO  class:82 - ADMIN: jcd LOGGED OUT
2017-11-11 21:56:44 TRACE class:17 - USER: jcd HAS LOGGED IN
2017-11-11 21:56:48 INFO  class:34 - USER: jcd LOGGED OUT
2017-11-11 21:56:56 TRACE class:63 - ADMIN: Nasir HAS LOGGED IN
2017-11-11 21:57:03 WARN  class:169 - USER: jcd HAS BEEN APPROVED FOR LOAN OF $30000.0
2017-11-11 21:57:03 WARN  class:272 - ADMIN: Nasir APPROVED USER: jcd FOR LOAN REQUEST
2017-11-11 21:57:07 INFO  class:82 - ADMIN: Nasir LOGGED OUT
2017-11-11 22:07:46 TRACE class:17 - USER: ajacobson HAS LOGGED IN
2017-11-11 22:07:58 DEBUG class:141 - USER: ajacobson MADE LOAN PAYMENT OF $780.0
2017-11-11 22:07:58 DEBUG class:149 - USER: ajacobson HAS COMPLETED LOAN PAYMENT
2017-11-11 22:08:14 INFO  class:34 - USER: ajacobson LOGGED OUT
2017-11-11 22:09:25 TRACE class:17 - USER: ajacobson HAS LOGGED IN
2017-11-11 22:09:32 DEBUG class:141 - USER: ajacobson MADE LOAN PAYMENT OF $3000.0
2017-11-11 22:09:43 WARN  class:113 - USER: ajacobson APPLIED FOR $890.0 LOAN
2017-11-11 22:09:59 DEBUG class:143 - USER: ajacobson MADE A LOAN PAYMENT OF $900.0
2017-11-11 22:09:59 TRACE class:144 - USER: ajacobson DEPOSITED AMOUNT OF $180.0
2017-11-11 22:09:59 DEBUG class:149 - USER: ajacobson HAS COMPLETED LOAN PAYMENT
2017-11-11 22:10:12 INFO  class:34 - USER: ajacobson LOGGED OUT
2017-11-11 22:10:21 TRACE class:63 - ADMIN: jcd HAS LOGGED IN
2017-11-11 22:10:48 DEBUG class:217 - ADMIN: jcd APPROVED USER: anavarre
2017-11-11 22:10:58 DEBUG class:180 - USER: ajacobson HAS BEEN DENIED FOR LOAN OF $890.0
2017-11-11 22:10:58 DEBUG class:289 - ADMIN: jcd DENIED USER: ajacobson FOR LOAN REQUEST
2017-11-11 22:11:02 INFO  class:82 - ADMIN: jcd LOGGED OUT
2017-11-11 22:11:12 TRACE class:17 - USER: anavarre HAS LOGGED IN
2017-11-11 22:11:33 DEBUG class:149 - USER: anavarre HAS COMPLETED LOAN PAYMENT
2017-11-11 22:11:55 DEBUG class:149 - USER: anavarre HAS COMPLETED LOAN PAYMENT
2017-11-11 22:12:27 WARN  class:113 - USER: anavarre APPLIED FOR $890.15 LOAN
2017-11-11 22:12:30 INFO  class:34 - USER: anavarre LOGGED OUT
2017-11-11 22:12:39 TRACE class:63 - ADMIN: Nasir HAS LOGGED IN
2017-11-11 22:12:47 WARN  class:169 - USER: anavarre HAS BEEN APPROVED FOR LOAN OF $890.15
2017-11-11 22:12:47 WARN  class:274 - ADMIN: Nasir APPROVED USER: anavarre FOR LOAN REQUEST
2017-11-11 22:12:58 INFO  class:82 - ADMIN: Nasir LOGGED OUT
2017-11-11 22:13:54 TRACE class:17 - USER: anavarre HAS LOGGED IN
2017-11-11 22:14:11 DEBUG class:141 - USER: anavarre MADE LOAN PAYMENT OF $890.15
2017-11-11 22:14:11 DEBUG class:149 - USER: anavarre HAS COMPLETED LOAN PAYMENT
2017-11-11 22:14:16 INFO  class:34 - USER: anavarre LOGGED OUT
2017-11-11 22:18:43 TRACE class:63 - ADMIN: Nasir HAS LOGGED IN
2017-11-11 22:18:52 WARN  class:169 - USER: ghermann HAS BEEN UNLOCKED
2017-11-11 22:18:52 WARN  class:259 - ADMIN: Nasir UNLOCKED USER: ghermann
2017-11-11 22:18:56 INFO  class:82 - ADMIN: Nasir LOGGED OUT
2017-11-11 22:19:20 TRACE class:17 - USER: ghermann HAS LOGGED IN
2017-11-11 22:19:40 TRACE class:98 - USER: ghermann WITHDREW $590.89
2017-11-11 22:19:47 INFO  class:34 - USER: ghermann LOGGED OUT
2017-11-11 22:20:00 TRACE class:63 - ADMIN: Nasir HAS LOGGED IN
2017-11-11 22:20:02 INFO  class:82 - ADMIN: Nasir LOGGED OUT
2017-11-11 22:20:23 TRACE class:63 - ADMIN: Nasir HAS LOGGED IN
2017-11-11 22:20:42 INFO  class:159 - USER: ttong HAS BEEN APPROVED FOR ADMIN ACCESS
2017-11-11 22:20:42 WARN  class:116 - ADMIN: Nasir WAS SEEKING TO PROMOTE AN ACCOUNT
2017-11-11 22:20:48 INFO  class:82 - ADMIN: Nasir LOGGED OUT
2017-11-11 22:21:41 TRACE class:63 - ADMIN: jcd HAS LOGGED IN
2017-11-11 22:22:00 DEBUG class:217 - ADMIN: jcd APPROVED USER: ttong
2017-11-11 22:22:04 INFO  class:82 - ADMIN: jcd LOGGED OUT
2017-11-11 22:22:13 TRACE class:17 - USER: ttong HAS LOGGED IN
2017-11-11 22:22:24 WARN  class:113 - USER: ttong APPLIED FOR $8947.0 LOAN
2017-11-11 22:22:28 INFO  class:34 - USER: ttong LOGGED OUT
2017-11-11 22:22:41 TRACE class:63 - ADMIN: ttong HAS LOGGED IN
2017-11-11 22:22:53 INFO  class:82 - ADMIN: ttong LOGGED OUT
2017-11-11 22:23:30 TRACE class:17 - USER: ttong HAS LOGGED IN
2017-11-11 22:23:45 TRACE class:78 - USER: ttong DEPOSITED $670.89
2017-11-11 22:23:49 INFO  class:34 - USER: ttong LOGGED OUT
