2017-12-10 12:40:51 INFO  Service:49 - slim has logged in to their account
2017-12-10 17:36:12 INFO  Service:49 - slim has logged in to their account
2017-12-10 17:36:20 INFO  Service:49 - jessie has logged in to their account
2017-12-10 18:02:10 INFO  Service:49 - jessie has logged in to their account
2017-12-10 18:03:32 INFO  Service:754 - App #2 has been put on hold until file input
2017-12-10 18:07:04 INFO  Service:49 - jessie has logged in to their account
2017-12-10 18:08:26 INFO  Service:49 - jessie has logged in to their account
2017-12-10 18:08:53 INFO  Service:49 - jessie has logged in to their account
2017-12-10 18:11:53 INFO  Service:49 - stacy has logged in to their account
2017-12-10 18:12:07 INFO  Service:49 - xavier has logged in to their account
2017-12-10 18:15:28 INFO  Service:49 - jessie has logged in to their account
2017-12-10 18:23:25 INFO  Service:49 - jessie has logged in to their account
2017-12-10 18:28:09 INFO  Service:49 - jessie has logged in to their account
2017-12-10 18:29:48 INFO  Service:49 - jessie has logged in to their account
2017-12-10 18:32:21 INFO  Service:49 - jessie has logged in to their account
2017-12-10 18:37:36 INFO  Service:49 - jessie has logged in to their account
2017-12-10 18:38:50 INFO  Service:49 - jessie has logged in to their account
2017-12-10 18:49:47 INFO  Service:49 - slim has logged in to their account
2017-12-10 18:53:25 INFO  Service:49 - stacy has logged in to their account
2017-12-10 19:28:02 INFO  Service:49 - slim has logged in to their account
2017-12-10 20:25:58 INFO  Service:49 - slim has logged in to their account
2017-12-10 20:26:11 INFO  Service:49 - xavier has logged in to their account
2017-12-10 20:26:59 INFO  Service:49 - xavier has logged in to their account
2017-12-10 20:29:40 INFO  Service:49 - xavier has logged in to their account
2017-12-10 20:29:44 INFO  Service:49 - xavier has logged in to their account
2017-12-10 20:32:52 INFO  Service:49 - xavier has logged in to their account
2017-12-10 20:38:10 INFO  Service:49 - slim has logged in to their account
2017-12-10 20:38:51 INFO  Service:49 - slim has logged in to their account
2017-12-10 20:40:25 INFO  Service:49 - slim has logged in to their account
2017-12-10 21:28:50 INFO  Service:49 - jessie has logged in to their account
2017-12-10 21:29:59 INFO  Service:49 - jessie has logged in to their account
2017-12-10 21:30:25 INFO  Service:49 - jessie has logged in to their account
2017-12-10 21:44:14 INFO  Service:49 - jessie has logged in to their account
2017-12-10 21:51:58 INFO  Service:49 - xavier has logged in to their account
2017-12-10 21:54:42 INFO  Service:49 - jessie has logged in to their account
2017-12-10 22:06:19 INFO  Service:49 - jessie has logged in to their account
2017-12-10 22:13:43 INFO  Service:49 - slim has logged in to their account
