2017-11-12 12:45:23 TRACE UserInterface:52 - admin logged on.
2017-11-12 12:45:48 TRACE UserInterface:52 - admin logged on.
2017-11-12 12:47:59 TRACE Controller:44 - checking credentials
2017-11-12 12:47:59 TRACE Controller:44 - checking credentials
2017-11-12 12:47:59 TRACE UserInterface:52 - admin logged on.
2017-11-12 14:13:04 TRACE UserInterface:65 - Creating user account.
2017-11-12 14:13:17 INFO  UserInterface:84 - Created new user account: sjgillet
2017-11-12 14:13:30 INFO  UserInterface:41 - sjgillet attempted login.
2017-11-12 14:13:44 INFO  UserInterface:41 - admin attempted login.
2017-11-12 14:13:44 TRACE UserInterface:55 - admin logged on.
2017-11-12 14:13:52 TRACE UserInterface:382 - Admin admin CMD: Activate User
2017-11-12 14:14:09 TRACE UserInterface:382 - Admin admin CMD: Activate User
2017-11-12 14:14:14 INFO  UserInterface:126 - admin logged out
2017-11-12 14:14:19 INFO  UserInterface:41 - sjgillet attempted login.
2017-11-12 14:14:19 TRACE UserInterface:55 - sjgillet logged on.
2017-11-12 14:17:06 TRACE UserInterface:65 - Creating user account.
2017-11-12 14:17:16 INFO  UserInterface:84 - Created new user account: sjgillet
2017-11-12 14:17:21 INFO  UserInterface:41 - admin attempted login.
2017-11-12 14:17:21 INFO  UserInterface:45 - admin failed login
2017-11-12 14:17:34 INFO  UserInterface:41 - admin attempted login.
2017-11-12 14:17:34 INFO  UserInterface:45 - admin failed login
2017-11-12 14:17:38 INFO  UserInterface:105 - Program exit
2017-11-12 14:50:13 INFO  UserInterface:105 - Program exit
2017-11-12 14:50:24 INFO  UserInterface:41 - admin attempted login.
2017-11-12 14:50:24 TRACE UserInterface:55 - admin logged on.
2017-11-12 14:50:30 INFO  UserInterface:126 - admin logged out
2017-11-12 14:50:40 TRACE UserInterface:65 - Creating user account.
2017-11-12 14:50:47 INFO  UserInterface:84 - Created new user account: sjgillet
2017-11-12 14:50:55 INFO  UserInterface:41 - admin attempted login.
2017-11-12 14:50:55 TRACE UserInterface:55 - admin logged on.
2017-11-12 14:51:01 TRACE UserInterface:382 - Admin admin CMD: Activate User
2017-11-12 14:51:03 INFO  UserInterface:392 - Admin admin activated user sjgillet
2017-11-12 14:51:06 INFO  UserInterface:126 - admin logged out
2017-11-12 14:51:08 INFO  UserInterface:105 - Program exit
2017-11-12 14:51:20 INFO  UserInterface:41 - sjgillet attempted login.
2017-11-12 14:52:53 TRACE UserInterface:65 - Creating user account.
2017-11-12 14:52:59 INFO  UserInterface:84 - Created new user account: sjgillet
2017-11-12 14:53:12 INFO  UserInterface:41 - admin attempted login.
2017-11-12 14:53:12 TRACE UserInterface:55 - admin logged on.
2017-11-12 14:53:14 TRACE UserInterface:382 - Admin admin CMD: Activate User
2017-11-12 14:53:18 INFO  UserInterface:392 - Admin admin activated user sjgillet
2017-11-12 14:53:20 INFO  UserInterface:126 - admin logged out
2017-11-12 14:53:28 INFO  UserInterface:41 - sjgillet attempted login.
2017-11-12 14:53:28 TRACE UserInterface:55 - sjgillet logged on.
2017-11-12 14:53:35 INFO  UserInterface:126 - sjgillet logged out
2017-11-12 14:53:36 INFO  UserInterface:105 - Program exit
2017-11-12 14:53:46 INFO  UserInterface:41 - sjgillet attempted login.
2017-11-12 14:53:46 TRACE UserInterface:55 - sjgillet logged on.
2017-11-12 15:00:46 INFO  UserInterface:41 - sjgillet attempted login.
2017-11-12 15:00:46 TRACE UserInterface:55 - sjgillet logged on.
2017-11-12 15:00:47 TRACE UserInterface:307 - sjgillet CMD: Open New Bank Account
2017-11-12 15:00:48 INFO  UserInterface:319 - sjgillet opened account #8022787successfully
2017-11-12 15:07:27 WARN  UsersDataBase:46 - No users save file found. Will be generated on creating adminPrime user
2017-11-12 15:07:27 WARN  Bank:42 - No accounts save file found. Will be generated at next serialization attempt
2017-11-12 15:07:42 INFO  UserInterface:41 - exit attempted login.
2017-11-12 15:07:42 INFO  UserInterface:45 - exit failed login
2017-11-12 15:07:55 TRACE UserInterface:65 - Creating user account.
2017-11-12 15:08:01 INFO  UserInterface:84 - Created new user account: sjgillet
2017-11-12 15:08:06 INFO  UserInterface:41 - admin attempted login.
2017-11-12 15:08:06 TRACE UserInterface:55 - admin logged on.
2017-11-12 15:08:11 TRACE UserInterface:382 - Admin admin CMD: Activate User
2017-11-12 15:08:14 INFO  UserInterface:392 - Admin admin activated user sjgillet
2017-11-12 15:08:17 INFO  UserInterface:126 - admin logged out
2017-11-12 15:08:25 INFO  UserInterface:41 - sjgillet attempted login.
2017-11-12 15:08:25 TRACE UserInterface:55 - sjgillet logged on.
2017-11-12 15:08:28 TRACE UserInterface:307 - sjgillet CMD: Open New Bank Account
2017-11-12 15:08:28 INFO  UserInterface:319 - sjgillet opened account #5014515successfully
2017-11-12 15:08:31 INFO  UserInterface:126 - sjgillet logged out
2017-11-12 15:08:37 INFO  UserInterface:41 - admin attempted login.
2017-11-12 15:08:37 TRACE UserInterface:55 - admin logged on.
2017-11-12 15:08:45 TRACE UserInterface:409 - Admin admin CMD: Activate Bank Account
2017-11-12 15:08:58 INFO  UserInterface:420 - Admin admin activated bank account # 5014515
2017-11-12 15:09:10 INFO  UserInterface:126 - admin logged out
2017-11-12 15:09:11 INFO  UserInterface:105 - Program exit
2017-11-12 15:09:23 INFO  UserInterface:41 - sjgillet attempted login.
2017-11-12 15:09:23 TRACE UserInterface:55 - sjgillet logged on.
2017-11-12 15:09:26 TRACE UserInterface:168 - sjgillet CMD: Deposit
2017-11-12 15:09:31 INFO  UserInterface:184 - sjgillet deposited on account #5014515successfully
2017-11-12 15:09:37 INFO  UserInterface:126 - sjgillet logged out
2017-11-12 15:09:38 INFO  UserInterface:105 - Program exit
2017-11-12 15:09:48 INFO  UserInterface:41 - sjgillet attempted login.
2017-11-12 15:09:48 TRACE UserInterface:55 - sjgillet logged on.
2017-11-12 15:09:50 TRACE UserInterface:135 - sjgillet CMD: Balance Inquiry
2017-11-12 15:09:51 INFO  UserInterface:156 - sjgillet inquired balance on account #5014515successfully
2017-11-12 15:11:21 INFO  UserInterface:41 - sjgillet attempted login.
2017-11-12 15:11:21 TRACE UserInterface:55 - sjgillet logged on.
2017-11-12 15:11:24 TRACE UserInterface:135 - sjgillet CMD: Balance Inquiry
2017-11-12 15:11:25 INFO  UserInterface:156 - sjgillet inquired balance on account # 5014515successfully
2017-11-12 15:13:46 INFO  UserInterface:41 - sjgillet attempted login.
2017-11-12 15:13:46 TRACE UserInterface:55 - sjgillet logged on.
2017-11-12 15:13:51 TRACE UserInterface:135 - sjgillet CMD: Balance Inquiry
2017-11-12 15:13:52 INFO  UserInterface:156 - sjgillet inquired balance on account #5014515 successsfully
2017-11-12 15:14:11 TRACE UserInterface:168 - sjgillet CMD: Deposit
2017-11-12 15:14:15 INFO  UserInterface:184 - sjgillet deposited on account #5014515 successfully
2017-11-12 15:14:21 TRACE UserInterface:202 - sjgillet CMD: Withdraw
2017-11-12 15:14:25 INFO  UserInterface:227 - sjgillet withdrew funds on account #5014515 successfully
2017-11-12 20:05:13 WARN  UsersDataBase:54 - IOException caught in UsersDataBase.initialize(), at opening OIS
2017-11-12 20:05:22 INFO  UserInterface:51 - sjgillet attempted login.
2017-11-12 20:05:22 INFO  UserInterface:55 - sjgillet failed login
2017-11-12 20:05:42 INFO  UserInterface:51 - sjgillet attempted login.
2017-11-12 20:05:42 INFO  UserInterface:55 - sjgillet failed login
2017-11-12 20:05:54 INFO  UserInterface:51 - admin attempted login.
2017-11-12 20:05:54 TRACE UserInterface:65 - admin logged on.
2017-11-12 20:05:56 INFO  UserInterface:136 - admin logged out
2017-11-12 20:05:57 INFO  UserInterface:115 - Program exit
2017-11-12 20:06:12 TRACE UserInterface:75 - Creating user account.
2017-11-12 20:06:20 INFO  UserInterface:94 - Created new user account: sjgillet
2017-11-12 20:06:26 INFO  UserInterface:51 - admin attempted login.
2017-11-12 20:06:26 TRACE UserInterface:65 - admin logged on.
2017-11-12 20:06:30 TRACE UserInterface:392 - Admin admin CMD: Activate User
2017-11-12 20:06:33 INFO  UserInterface:402 - Admin admin activated user sjgillet
2017-11-12 20:06:35 INFO  UserInterface:136 - admin logged out
2017-11-12 20:06:40 INFO  UserInterface:51 - sjgillet attempted login.
2017-11-12 20:06:40 TRACE UserInterface:65 - sjgillet logged on.
2017-11-12 20:06:42 TRACE UserInterface:317 - sjgillet CMD: Open New Bank Account
2017-11-12 20:06:43 INFO  UserInterface:329 - sjgillet opened account #6137087 successfully
2017-11-12 20:06:46 INFO  UserInterface:136 - sjgillet logged out
2017-11-12 20:06:50 INFO  UserInterface:51 - admin attempted login.
2017-11-12 20:06:50 TRACE UserInterface:65 - admin logged on.
2017-11-12 20:06:58 TRACE UserInterface:419 - Admin admin CMD: Activate Bank Account
2017-11-12 20:07:04 INFO  UserInterface:430 - Admin admin activated bank account #6137087
2017-11-12 20:07:10 INFO  UserInterface:136 - admin logged out
2017-11-12 20:07:19 INFO  UserInterface:51 - sjgillet attempted login.
2017-11-12 20:07:19 TRACE UserInterface:65 - sjgillet logged on.
2017-11-12 20:07:21 TRACE UserInterface:317 - sjgillet CMD: Open New Bank Account
2017-11-12 20:07:22 INFO  UserInterface:329 - sjgillet opened account #7443717 successfully
2017-11-12 20:07:27 INFO  UserInterface:136 - sjgillet logged out
2017-11-12 20:07:30 INFO  UserInterface:51 - admin attempted login.
2017-11-12 20:07:30 TRACE UserInterface:65 - admin logged on.
2017-11-12 20:07:38 TRACE UserInterface:419 - Admin admin CMD: Activate Bank Account
2017-11-12 20:07:46 INFO  UserInterface:430 - Admin admin activated bank account #7443717
2017-11-12 20:07:52 INFO  UserInterface:136 - admin logged out
2017-11-12 20:07:56 INFO  UserInterface:51 - sjgillet attempted login.
2017-11-12 20:07:56 TRACE UserInterface:65 - sjgillet logged on.
2017-11-12 20:07:58 TRACE UserInterface:178 - sjgillet CMD: Deposit
2017-11-12 20:08:04 INFO  UserInterface:194 - sjgillet deposited on account #7443717 successfully
2017-11-12 20:08:16 TRACE UserInterface:178 - sjgillet CMD: Deposit
2017-11-12 20:08:20 INFO  UserInterface:194 - sjgillet deposited on account #6137087 successfully
2017-11-12 20:08:23 TRACE UserInterface:212 - sjgillet CMD: Withdraw
2017-11-12 20:08:29 INFO  UserInterface:237 - sjgillet withdrew funds on account #6137087 successfully
2017-11-12 20:31:09 WARN  UsersDataBase:52 - No users save file found. Will be generated on creating adminPrime user
2017-11-12 20:31:09 WARN  Bank:54 - No accounts save file found. Will be generated at next serialization attempt
2017-11-12 21:19:59 WARN  UsersDataBase:52 - No users save file found. Will be generated on creating adminPrime user
2017-11-12 21:19:59 WARN  Bank:54 - No accounts save file found. Will be generated at next serialization attempt
2017-11-12 21:34:06 INFO  UserInterface:51 - sjgillet attempted login.
2017-11-12 21:34:06 INFO  UserInterface:55 - sjgillet failed login
2017-11-12 21:34:10 INFO  UserInterface:51 - admin attempted login.
2017-11-12 21:34:10 TRACE UserInterface:65 - admin logged on.
2017-11-12 21:34:15 TRACE UserInterface:317 - admin CMD: Open New Bank Account
2017-11-12 21:34:16 INFO  UserInterface:329 - admin opened account #5137877 successfully
2017-11-12 21:34:20 TRACE UserInterface:419 - Admin admin CMD: Activate Bank Account
2017-11-12 21:34:23 INFO  UserInterface:430 - Admin admin activated bank account #5137877
2017-11-12 21:34:26 TRACE UserInterface:178 - admin CMD: Deposit
2017-11-12 21:34:32 INFO  UserInterface:194 - admin deposited on account #5137877 successfully
2017-11-13 09:00:49 WARN  UsersDataBase:52 - No users save file found. Will be generated on creating adminPrime user
2017-11-13 09:00:49 WARN  Bank:54 - No accounts save file found. Will be generated at next serialization attempt
2017-11-13 09:01:10 TRACE UserInterface:75 - Creating user account.
2017-11-13 09:01:17 INFO  UserInterface:94 - Created new user account: sjgillet
2017-11-13 09:01:24 INFO  UserInterface:51 - admin attempted login.
2017-11-13 09:01:24 TRACE UserInterface:65 - admin logged on.
2017-11-13 09:01:26 TRACE UserInterface:392 - Admin admin CMD: Activate User
2017-11-13 09:01:29 INFO  UserInterface:402 - Admin admin activated user sjgillet
2017-11-13 09:01:33 INFO  UserInterface:136 - admin logged out
2017-11-13 09:01:39 INFO  UserInterface:51 - sjgillet attempted login.
2017-11-13 09:01:39 INFO  UserInterface:55 - sjgillet failed login
2017-11-13 09:01:54 INFO  UserInterface:51 - sjgillet attempted login.
2017-11-13 09:01:54 TRACE UserInterface:65 - sjgillet logged on.
2017-11-13 09:01:56 TRACE UserInterface:317 - sjgillet CMD: Open New Bank Account
2017-11-13 09:01:57 INFO  UserInterface:329 - sjgillet opened account #7473395 successfully
2017-11-13 09:01:58 TRACE UserInterface:317 - sjgillet CMD: Open New Bank Account
2017-11-13 09:01:59 INFO  UserInterface:329 - sjgillet opened account #7733397 successfully
2017-11-13 09:02:01 INFO  UserInterface:136 - sjgillet logged out
2017-11-13 09:02:06 INFO  UserInterface:51 - admin attempted login.
2017-11-13 09:02:06 TRACE UserInterface:65 - admin logged on.
2017-11-13 09:02:10 TRACE UserInterface:419 - Admin admin CMD: Activate Bank Account
2017-11-13 09:02:13 INFO  UserInterface:430 - Admin admin activated bank account #7733397
2017-11-13 09:02:17 TRACE UserInterface:419 - Admin admin CMD: Activate Bank Account
2017-11-13 09:02:23 INFO  UserInterface:430 - Admin admin activated bank account #7473395
2017-11-13 09:03:18 INFO  UserInterface:136 - admin logged out
2017-11-13 09:03:36 INFO  UserInterface:51 - sjgillet attempted login.
2017-11-13 09:03:36 TRACE UserInterface:65 - sjgillet logged on.
2017-11-13 09:03:42 TRACE UserInterface:178 - sjgillet CMD: Deposit
2017-11-13 09:03:46 INFO  UserInterface:194 - sjgillet deposited on account #7733397 successfully
2017-11-13 09:03:53 TRACE UserInterface:145 - sjgillet CMD: Balance Inquiry
2017-11-13 09:03:53 INFO  UserInterface:166 - sjgillet inquired balance on account #7733397 successsfully
2017-11-13 09:03:56 TRACE UserInterface:145 - sjgillet CMD: Balance Inquiry
2017-11-13 09:04:02 INFO  UserInterface:166 - sjgillet inquired balance on account #7473395 successsfully
2017-11-13 09:04:12 INFO  UserInterface:136 - sjgillet logged out
2017-11-13 10:53:32 INFO  UserInterface:51 - sjgillet attempted login.
2017-11-13 10:53:32 TRACE UserInterface:65 - sjgillet logged on.
2017-11-13 10:53:34 TRACE UserInterface:145 - sjgillet CMD: Balance Inquiry
2017-11-13 10:53:52 INFO  UserInterface:51 - sjgillet attempted login.
2017-11-13 10:53:52 TRACE UserInterface:65 - sjgillet logged on.
2017-11-13 10:53:55 TRACE UserInterface:145 - sjgillet CMD: Balance Inquiry
2017-11-13 10:53:56 INFO  UserInterface:166 - sjgillet inquired balance on account #7473395 successsfully
2017-11-13 10:54:02 TRACE UserInterface:145 - sjgillet CMD: Balance Inquiry
2017-11-13 10:54:02 INFO  UserInterface:166 - sjgillet inquired balance on account #7733397 successsfully
2017-11-13 10:54:22 INFO  UserInterface:136 - sjgillet logged out
2017-11-13 10:54:23 INFO  UserInterface:115 - Program exit
2017-11-13 13:01:07 INFO  UserInterface:115 - Program exit
2017-11-13 16:39:07 INFO  UserInterface:51 - sjgillet attempted login.
2017-11-13 16:39:07 TRACE UserInterface:65 - sjgillet logged on.
2017-11-13 16:39:31 TRACE UserInterface:145 - sjgillet CMD: Balance Inquiry
2017-11-13 16:39:32 INFO  UserInterface:166 - sjgillet inquired balance on account #7473395 successsfully
2017-11-13 16:39:40 TRACE UserInterface:145 - sjgillet CMD: Balance Inquiry
2017-11-13 16:39:41 INFO  UserInterface:166 - sjgillet inquired balance on account #7733397 successsfully
2017-11-13 16:39:52 TRACE UserInterface:178 - sjgillet CMD: Deposit
2017-11-13 16:40:35 INFO  UserInterface:194 - sjgillet deposited on account #7473395 successfully
2017-11-13 16:40:53 INFO  UserInterface:136 - sjgillet logged out
2017-11-13 16:41:04 TRACE UserInterface:75 - Creating user account.
2017-11-13 16:41:13 TRACE UserInterface:107 - Passwords do not match. Aborted user account creation
2017-11-13 16:41:24 TRACE UserInterface:75 - Creating user account.
2017-11-13 16:41:30 INFO  UserInterface:94 - Created new user account: wilford
2017-11-13 16:41:42 INFO  UserInterface:51 - wilford attempted login.
2017-11-13 16:41:49 INFO  UserInterface:51 - admin attempted login.
2017-11-13 16:41:49 TRACE UserInterface:65 - admin logged on.
2017-11-13 16:41:59 TRACE UserInterface:392 - Admin admin CMD: Activate User
2017-11-13 16:42:02 INFO  UserInterface:402 - Admin admin activated user wilford
2017-11-13 16:42:06 INFO  UserInterface:136 - admin logged out
2017-11-13 16:42:11 INFO  UserInterface:51 - wilford attempted login.
2017-11-13 16:42:11 TRACE UserInterface:65 - wilford logged on.
2017-11-13 16:42:15 TRACE UserInterface:317 - wilford CMD: Open New Bank Account
2017-11-13 16:42:16 INFO  UserInterface:329 - wilford opened account #6109267 successfully
2017-11-13 16:42:40 INFO  UserInterface:136 - wilford logged out
2017-11-13 16:42:53 INFO  UserInterface:51 - wilford attempted login.
2017-11-13 16:42:53 TRACE UserInterface:65 - wilford logged on.
2017-11-13 16:43:04 INFO  UserInterface:136 - wilford logged out
2017-11-13 16:43:07 INFO  UserInterface:51 - admin attempted login.
2017-11-13 16:43:07 TRACE UserInterface:65 - admin logged on.
2017-11-13 16:43:10 TRACE UserInterface:419 - Admin admin CMD: Activate Bank Account
2017-11-13 16:43:11 INFO  UserInterface:430 - Admin admin activated bank account #6109267
2017-11-13 16:43:15 INFO  UserInterface:136 - admin logged out
2017-11-13 16:43:21 INFO  UserInterface:51 - wilford attempted login.
2017-11-13 16:43:21 TRACE UserInterface:65 - wilford logged on.
2017-11-13 16:43:28 TRACE UserInterface:178 - wilford CMD: Deposit
2017-11-13 16:43:31 INFO  UserInterface:194 - wilford deposited on account #6109267 successfully
2017-11-13 16:43:47 TRACE UserInterface:212 - wilford CMD: Withdraw
2017-11-13 16:43:54 INFO  UserInterface:237 - wilford withdrew funds on account #6109267 successfully
2017-11-13 16:44:01 INFO  UserInterface:136 - wilford logged out
2017-11-13 16:44:09 INFO  UserInterface:115 - Program exit
2017-11-13 16:44:19 INFO  UserInterface:51 - wilford attempted login.
2017-11-13 16:44:19 TRACE UserInterface:65 - wilford logged on.
2017-11-13 16:44:23 INFO  UserInterface:136 - wilford logged out
2017-11-13 16:44:25 INFO  UserInterface:115 - Program exit
2017-11-13 16:44:38 WARN  UsersDataBase:52 - No users save file found. Will be generated on creating adminPrime user
2017-11-13 16:44:38 WARN  Bank:54 - No accounts save file found. Will be generated at next serialization attempt
2017-11-13 16:44:45 INFO  UserInterface:51 - wilford attempted login.
2017-11-13 16:44:45 INFO  UserInterface:55 - wilford failed login
2017-11-13 16:44:54 INFO  UserInterface:51 - admin attempted login.
2017-11-13 16:44:54 TRACE UserInterface:65 - admin logged on.
2017-11-14 09:59:40 WARN  UsersDataBase:54 - IOException caught in UsersDataBase.initialize(), at opening OIS
2017-11-14 09:59:40 WARN  Bank:54 - No accounts save file found. Will be generated at next serialization attempt
2017-11-14 09:59:52 TRACE UserInterface:75 - Creating user account.
2017-11-14 09:59:54 TRACE UserInterface:107 - Passwords do not match. Aborted user account creation
2017-11-14 10:01:13 TRACE UserInterface:75 - Creating user account.
2017-11-14 10:01:39 INFO  UserInterface:94 - Created new user account: sjgillet
2017-11-14 10:02:33 INFO  UserInterface:51 - sjgillet attempted login.
2017-11-14 10:02:39 INFO  UserInterface:51 - admin attempted login.
2017-11-14 10:02:39 TRACE UserInterface:65 - admin logged on.
2017-11-14 10:04:05 TRACE UserInterface:396 - Admin admin CMD: Activate User
2017-11-14 10:04:07 INFO  UserInterface:406 - Admin admin activated user sjgillet
2017-11-14 10:04:15 INFO  UserInterface:137 - admin logged out
2017-11-14 10:05:09 INFO  UserInterface:115 - Program exit
2017-11-14 10:05:12 WARN  Bank:54 - No accounts save file found. Will be generated at next serialization attempt
2017-11-14 10:05:19 INFO  UserInterface:51 - sjgillet attempted login.
2017-11-14 10:05:19 TRACE UserInterface:65 - sjgillet logged on.
2017-11-14 10:05:21 TRACE UserInterface:322 - sjgillet CMD: Open New Bank Account
2017-11-14 10:05:23 INFO  UserInterface:334 - sjgillet opened account #5459582 successfully
2017-11-14 10:05:49 INFO  UserInterface:138 - sjgillet logged out
2017-11-14 10:07:00 INFO  UserInterface:51 - admin attempted login.
2017-11-14 10:07:00 TRACE UserInterface:65 - admin logged on.
2017-11-14 10:07:03 TRACE UserInterface:424 - Admin admin CMD: Activate Bank Account
2017-11-14 10:07:10 INFO  UserInterface:435 - Admin admin activated bank account #5459582
2017-11-14 10:09:03 INFO  UserInterface:138 - admin logged out
2017-11-14 10:10:47 INFO  UserInterface:51 - sjgillet attempted login.
2017-11-14 10:10:47 TRACE UserInterface:65 - sjgillet logged on.
2017-11-14 10:11:40 TRACE UserInterface:348 - sjgillet CMD: Close Bank Account
2017-11-14 10:13:58 INFO  UserInterface:51 - sjgillet attempted login.
2017-11-14 10:13:58 TRACE UserInterface:65 - sjgillet logged on.
2017-11-14 10:14:35 TRACE UserInterface:148 - sjgillet CMD: Balance Inquiry
2017-11-14 10:14:36 INFO  UserInterface:169 - sjgillet inquired balance on account #5459582 successsfully
2017-11-14 10:24:58 INFO  UserInterface:51 - sjgillet attempted login.
2017-11-14 10:24:58 TRACE UserInterface:65 - sjgillet logged on.
2017-11-14 12:53:56 INFO  UserInterface:51 - sjgillet attempted login.
2017-11-14 12:53:56 TRACE UserInterface:65 - sjgillet logged on.
2017-11-14 12:53:59 TRACE UserInterface:323 - sjgillet CMD: Open New Bank Account
2017-11-14 12:54:00 INFO  UserInterface:335 - sjgillet opened account #8931571 successfully
2017-11-14 13:00:37 INFO  UserInterface:51 - sjgillet attempted login.
2017-11-14 13:00:37 TRACE UserInterface:65 - sjgillet logged on.
2017-11-14 13:00:41 TRACE UserInterface:323 - sjgillet CMD: Open New Bank Account
2017-11-14 13:00:42 INFO  UserInterface:335 - sjgillet opened account #0042288 successfully
2017-11-14 13:07:56 INFO  UserInterface:51 - sjgillet attempted login.
2017-11-14 13:07:56 TRACE UserInterface:65 - sjgillet logged on.
2017-11-14 13:08:14 INFO  UserInterface:51 - sjgillet attempted login.
2017-11-14 13:08:14 TRACE UserInterface:65 - sjgillet logged on.
2017-11-14 13:16:05 WARN  UsersDataBase:54 - IOException caught in UsersDataBase.initialize(), at opening OIS
2017-11-14 13:21:30 INFO  UserInterface:51 - sjgillet attempted login.
2017-11-14 13:21:30 INFO  UserInterface:55 - sjgillet failed login
2017-11-14 13:25:42 TRACE UserInterface:75 - Creating user account.
2017-11-14 13:25:48 INFO  UserInterface:94 - Created new user account: sjgillet
2017-11-14 13:25:53 INFO  UserInterface:51 - admin attempted login.
2017-11-14 13:25:53 TRACE UserInterface:65 - admin logged on.
2017-11-14 13:25:57 TRACE UserInterface:398 - Admin admin CMD: Activate User
2017-11-14 13:25:58 INFO  UserInterface:408 - Admin admin activated user sjgillet
2017-11-14 13:26:00 INFO  UserInterface:139 - admin logged out
2017-11-14 13:26:07 INFO  UserInterface:51 - sjgillet attempted login.
2017-11-14 13:26:07 TRACE UserInterface:65 - sjgillet logged on.
2017-11-14 13:26:09 TRACE UserInterface:323 - sjgillet CMD: Open New Bank Account
2017-11-14 13:26:10 INFO  UserInterface:335 - sjgillet opened account #6429407 successfully
2017-11-14 13:26:13 INFO  UserInterface:139 - sjgillet logged out
2017-11-14 13:26:15 INFO  UserInterface:115 - Program exit
2017-11-14 13:26:24 INFO  UserInterface:51 - sjgillet attempted login.
2017-11-14 13:26:24 TRACE UserInterface:65 - sjgillet logged on.
2017-11-14 13:26:29 INFO  UserInterface:139 - sjgillet logged out
2017-11-14 13:26:30 INFO  UserInterface:115 - Program exit
2017-11-14 13:26:52 INFO  UserInterface:51 - sjgillet attempted login.
2017-11-14 13:26:52 TRACE UserInterface:65 - sjgillet logged on.
2017-11-14 13:27:02 INFO  UserInterface:139 - sjgillet logged out
2017-11-14 13:27:03 INFO  UserInterface:115 - Program exit
2017-11-14 13:27:13 INFO  UserInterface:51 - sjgillet attempted login.
2017-11-14 13:27:13 TRACE UserInterface:65 - sjgillet logged on.
2017-11-14 13:28:38 TRACE UserInterface:181 - sjgillet CMD: Deposit
2017-11-14 13:29:40 INFO  UserInterface:51 - sjgillet attempted login.
2017-11-14 13:29:40 TRACE UserInterface:65 - sjgillet logged on.
2017-11-14 13:29:43 TRACE UserInterface:181 - sjgillet CMD: Deposit
2017-11-14 13:31:09 INFO  UserInterface:51 - sjgillet attempted login.
2017-11-14 13:31:09 TRACE UserInterface:65 - sjgillet logged on.
2017-11-14 13:31:34 TRACE UserInterface:148 - sjgillet CMD: Balance Inquiry
2017-11-14 13:31:36 INFO  UserInterface:169 - sjgillet inquired balance on account #6429407 successsfully
2017-11-14 13:32:01 TRACE UserInterface:181 - sjgillet CMD: Deposit
2017-11-14 13:32:05 INFO  UserInterface:200 - sjgillet deposited on account #5459582 successfully
2017-11-14 13:32:51 TRACE UserInterface:348 - sjgillet CMD: Close Bank Account
2017-11-14 13:32:59 INFO  UserInterface:372 - sjgillet closed account #6429407 successfully
2017-11-14 13:36:44 TRACE UserInterface:75 - Creating user account.
2017-11-14 13:36:45 TRACE UserInterface:107 - Passwords do not match. Aborted user account creation
2017-11-14 13:36:54 TRACE UserInterface:75 - Creating user account.
2017-11-14 13:37:01 INFO  UserInterface:94 - Created new user account: Wilford
2017-11-14 13:37:08 INFO  UserInterface:51 - admin attempted login.
2017-11-14 13:37:08 TRACE UserInterface:65 - admin logged on.
2017-11-14 13:37:11 TRACE UserInterface:398 - Admin admin CMD: Activate User
2017-11-14 13:37:18 TRACE UserInterface:398 - Admin admin CMD: Activate User
2017-11-14 13:37:20 INFO  UserInterface:408 - Admin admin activated user Wilford
2017-11-14 13:37:23 INFO  UserInterface:139 - admin logged out
2017-11-14 13:37:29 INFO  UserInterface:51 - Wilford attempted login.
2017-11-14 13:37:29 TRACE UserInterface:65 - Wilford logged on.
2017-11-14 13:37:33 TRACE UserInterface:323 - Wilford CMD: Open New Bank Account
2017-11-14 13:37:33 INFO  UserInterface:335 - Wilford opened account #6498795 successfully
2017-11-14 13:37:35 TRACE UserInterface:323 - Wilford CMD: Open New Bank Account
2017-11-14 13:37:35 INFO  UserInterface:335 - Wilford opened account #9698038 successfully
2017-11-14 13:37:36 TRACE UserInterface:323 - Wilford CMD: Open New Bank Account
2017-11-14 13:37:37 INFO  UserInterface:335 - Wilford opened account #3215156 successfully
2017-11-14 13:37:38 TRACE UserInterface:323 - Wilford CMD: Open New Bank Account
2017-11-14 13:37:38 INFO  UserInterface:335 - Wilford opened account #3205767 successfully
2017-11-14 13:37:39 TRACE UserInterface:323 - Wilford CMD: Open New Bank Account
2017-11-14 13:37:40 INFO  UserInterface:335 - Wilford opened account #9481354 successfully
2017-11-14 13:37:45 TRACE UserInterface:323 - Wilford CMD: Open New Bank Account
2017-11-14 13:37:45 INFO  UserInterface:335 - Wilford opened account #4875062 successfully
2017-11-14 13:37:47 TRACE UserInterface:323 - Wilford CMD: Open New Bank Account
2017-11-14 13:37:48 INFO  UserInterface:335 - Wilford opened account #2607418 successfully
2017-11-14 13:37:52 INFO  UserInterface:139 - Wilford logged out
2017-11-14 13:37:53 INFO  UserInterface:115 - Program exit
2017-11-14 13:40:52 INFO  UserInterface:51 - Wilford attempted login.
2017-11-14 13:40:52 TRACE UserInterface:65 - Wilford logged on.
2017-11-14 13:41:40 INFO  UserInterface:51 - Wilford attempted login.
2017-11-14 13:41:40 TRACE UserInterface:65 - Wilford logged on.
2017-11-14 13:49:46 INFO  UserInterface:51 - Wilford attempted login.
2017-11-14 13:49:46 TRACE UserInterface:65 - Wilford logged on.
2017-11-14 13:50:15 INFO  UserInterface:51 - Wilford attempted login.
2017-11-14 13:50:15 TRACE UserInterface:65 - Wilford logged on.
2017-11-14 13:51:38 INFO  UserInterface:51 - Wilford attempted login.
2017-11-14 13:51:38 TRACE UserInterface:65 - Wilford logged on.
2017-11-14 13:51:55 INFO  UserInterface:51 - Wilford attempted login.
2017-11-14 13:51:55 TRACE UserInterface:65 - Wilford logged on.
2017-11-14 13:54:33 INFO  UserInterface:51 - Wilford attempted login.
2017-11-14 13:54:33 TRACE UserInterface:65 - Wilford logged on.
2017-11-14 13:56:27 INFO  UserInterface:51 - Wilford attempted login.
2017-11-14 13:56:27 TRACE UserInterface:65 - Wilford logged on.
2017-11-14 13:56:56 INFO  UserInterface:51 - Wilford attempted login.
2017-11-14 13:56:56 TRACE UserInterface:65 - Wilford logged on.
2017-11-14 13:57:29 INFO  UserInterface:51 - Wilford attempted login.
2017-11-14 13:57:29 TRACE UserInterface:65 - Wilford logged on.
2017-11-14 14:27:04 WARN  UsersDataBase:54 - IOException caught in UsersDataBase.initialize(), at opening OIS
2017-11-14 14:27:50 WARN  UsersDataBase:52 - No users save file found. Will be generated on creating adminPrime user
2017-11-14 14:27:50 WARN  Bank:54 - No accounts save file found. Will be generated at next serialization attempt
2017-11-14 14:27:57 WARN  Bank:54 - No accounts save file found. Will be generated at next serialization attempt
2017-11-14 14:28:03 INFO  UserInterface:51 - admin attempted login.
2017-11-14 14:28:03 TRACE UserInterface:65 - admin logged on.
2017-11-14 14:28:04 TRACE UserInterface:323 - admin CMD: Open New Bank Account
2017-11-14 14:28:05 INFO  UserInterface:335 - admin opened account #9954284 successfully
2017-11-14 14:28:08 TRACE UserInterface:425 - Admin admin CMD: Activate Bank Account
2017-11-14 14:28:11 INFO  UserInterface:436 - Admin admin activated bank account #9954284
2017-11-14 14:28:18 INFO  UserInterface:139 - admin logged out
2017-11-14 14:28:19 INFO  UserInterface:115 - Program exit
2017-11-14 14:31:06 TRACE UserInterface:75 - Creating user account.
2017-11-14 14:31:06 INFO  UserInterface:94 - Created new user account: sjgillet
2017-11-14 14:31:06 INFO  UserInterface:51 - admin attempted login.
2017-11-14 14:31:06 TRACE UserInterface:65 - admin logged on.
2017-11-14 14:31:06 TRACE UserInterface:398 - Admin admin CMD: Activate User
2017-11-14 14:31:06 INFO  UserInterface:408 - Admin admin activated user sjgillet
2017-11-14 14:31:06 INFO  UserInterface:139 - admin logged out
2017-11-14 14:31:06 INFO  UserInterface:51 - sjgillet attempted login.
2017-11-14 14:31:06 TRACE UserInterface:65 - sjgillet logged on.
2017-11-14 14:31:06 TRACE UserInterface:323 - sjgillet CMD: Open New Bank Account
2017-11-14 14:31:06 INFO  UserInterface:335 - sjgillet opened account #3623615 successfully
2017-11-14 14:31:06 TRACE UserInterface:323 - sjgillet CMD: Open New Bank Account
2017-11-14 14:31:06 INFO  UserInterface:335 - sjgillet opened account #3639390 successfully
2017-11-14 14:31:06 INFO  UserInterface:139 - sjgillet logged out
2017-11-14 14:31:06 INFO  UserInterface:51 - admin attempted login.
2017-11-14 14:31:06 TRACE UserInterface:65 - admin logged on.
2017-11-14 14:31:25 TRACE UserInterface:425 - Admin admin CMD: Activate Bank Account
2017-11-14 14:31:27 INFO  UserInterface:436 - Admin admin activated bank account #3623615
2017-11-14 14:31:34 TRACE UserInterface:425 - Admin admin CMD: Activate Bank Account
2017-11-14 14:31:35 INFO  UserInterface:436 - Admin admin activated bank account #3639390
2017-11-14 14:31:37 INFO  UserInterface:139 - admin logged out
2017-11-14 14:31:44 INFO  UserInterface:51 - sjgillet attempted login.
2017-11-14 14:31:44 TRACE UserInterface:65 - sjgillet logged on.
2017-11-14 14:34:28 INFO  UserInterface:139 - sjgillet logged out
2017-11-14 14:34:28 TRACE UserInterface:75 - Creating user account.
2017-11-14 14:34:28 INFO  UserInterface:94 - Created new user account: wilford
2017-11-14 14:34:28 INFO  UserInterface:51 - admin attempted login.
2017-11-14 14:34:28 TRACE UserInterface:65 - admin logged on.
2017-11-14 14:34:28 TRACE UserInterface:398 - Admin admin CMD: Activate User
2017-11-14 14:34:28 INFO  UserInterface:408 - Admin admin activated user wilford
2017-11-14 14:34:28 INFO  UserInterface:139 - admin logged out
2017-11-14 14:34:28 INFO  UserInterface:51 - wilford attempted login.
2017-11-14 14:34:28 TRACE UserInterface:65 - wilford logged on.
2017-11-14 14:34:28 TRACE UserInterface:323 - wilford CMD: Open New Bank Account
2017-11-14 14:34:28 INFO  UserInterface:335 - wilford opened account #0035899 successfully
2017-11-14 14:34:28 TRACE UserInterface:323 - wilford CMD: Open New Bank Account
2017-11-14 14:34:28 INFO  UserInterface:335 - wilford opened account #5935143 successfully
2017-11-14 14:34:28 TRACE UserInterface:323 - wilford CMD: Open New Bank Account
2017-11-14 14:34:28 INFO  UserInterface:335 - wilford opened account #2701260 successfully
2017-11-14 14:34:28 TRACE UserInterface:323 - wilford CMD: Open New Bank Account
2017-11-14 14:34:28 INFO  UserInterface:335 - wilford opened account #7757719 successfully
2017-11-14 14:34:28 TRACE UserInterface:323 - wilford CMD: Open New Bank Account
2017-11-14 14:34:28 INFO  UserInterface:335 - wilford opened account #3381636 successfully
2017-11-14 14:34:28 TRACE UserInterface:323 - wilford CMD: Open New Bank Account
2017-11-14 14:34:28 INFO  UserInterface:335 - wilford opened account #5877235 successfully
2017-11-14 14:34:28 INFO  UserInterface:139 - wilford logged out
2017-11-14 14:42:00 INFO  UserInterface:51 - admin attempted login.
2017-11-14 14:42:00 TRACE UserInterface:65 - admin logged on.
2017-11-14 14:42:01 TRACE UserInterface:425 - Admin admin CMD: Activate Bank Account
2017-11-14 14:42:01 INFO  UserInterface:436 - Admin admin activated bank account #0035899
2017-11-14 14:42:01 TRACE UserInterface:425 - Admin admin CMD: Activate Bank Account
2017-11-14 14:42:01 INFO  UserInterface:436 - Admin admin activated bank account #5935143
2017-11-14 14:42:01 TRACE UserInterface:425 - Admin admin CMD: Activate Bank Account
2017-11-14 14:42:01 INFO  UserInterface:436 - Admin admin activated bank account #7757719
2017-11-14 14:42:01 TRACE UserInterface:425 - Admin admin CMD: Activate Bank Account
2017-11-14 14:42:01 INFO  UserInterface:436 - Admin admin activated bank account #3381636
2017-11-14 14:42:01 TRACE UserInterface:425 - Admin admin CMD: Activate Bank Account
2017-11-14 14:42:22 INFO  UserInterface:139 - admin logged out
2017-11-14 14:42:26 INFO  UserInterface:51 - wilford attempted login.
2017-11-14 14:42:26 TRACE UserInterface:65 - wilford logged on.
2017-11-15 09:25:53 WARN  UsersDataBase:54 - IOException caught in UsersDataBase.initialize(), at opening OIS
2017-11-15 09:26:45 WARN  UsersDataBase:52 - No users save file found. Will be generated on creating adminPrime user
2017-11-15 09:26:45 WARN  Bank:54 - No accounts save file found. Will be generated at next serialization attempt
2017-11-15 09:26:49 WARN  Bank:54 - No accounts save file found. Will be generated at next serialization attempt
2017-11-15 09:26:59 TRACE UserInterface:77 - Creating user account.
2017-11-15 09:27:05 INFO  UserInterface:96 - Created new user account: sjgillet
2017-11-15 09:27:07 INFO  UserInterface:117 - Program exit
2017-11-15 09:27:10 WARN  Bank:54 - No accounts save file found. Will be generated at next serialization attempt
2017-11-18 13:51:31 WARN  Bank:54 - No accounts save file found. Will be generated at next serialization attempt
2017-11-18 13:51:58 INFO  UserInterface:52 - sjgillet attempted login.
2017-11-18 13:51:58 INFO  UserInterface:56 - sjgillet failed login
2017-11-18 13:52:06 INFO  UserInterface:52 - sjgillet attempted login.
2017-11-18 13:57:34 INFO  UserInterface:52 - admin attempted login.
2017-11-18 13:57:34 TRACE UserInterface:67 - admin logged on.
2017-11-18 13:57:34 TRACE UserInterface:433 - Admin admin CMD: Activate Bank Account
2017-11-18 13:57:34 INFO  UserInterface:141 - admin logged out
2017-11-18 13:57:34 INFO  UserInterface:52 - sjgillet attempted login.
2017-11-18 13:57:34 INFO  UserInterface:52 - admin attempted login.
2017-11-18 13:57:34 TRACE UserInterface:67 - admin logged on.
2017-11-18 13:57:51 INFO  UserInterface:141 - admin logged out
2017-11-18 13:57:56 INFO  UserInterface:52 - admin attempted login.
2017-11-18 13:57:56 TRACE UserInterface:67 - admin logged on.
2017-11-18 13:58:02 INFO  UserInterface:141 - admin logged out
2017-11-18 13:58:08 INFO  UserInterface:52 - admin attempted login.
2017-11-18 13:58:08 TRACE UserInterface:67 - admin logged on.
2017-11-18 13:58:08 TRACE UserInterface:433 - Admin admin CMD: Activate Bank Account
2017-11-18 13:58:08 INFO  UserInterface:141 - admin logged out
2017-11-18 13:58:08 INFO  UserInterface:52 - sjgillet attempted login.
2017-11-18 13:58:08 INFO  UserInterface:52 - admin attempted login.
2017-11-18 13:58:08 TRACE UserInterface:67 - admin logged on.
2017-11-18 13:58:36 TRACE UserInterface:433 - Admin admin CMD: Activate Bank Account
2017-11-18 13:58:36 INFO  UserInterface:141 - admin logged out
2017-11-18 13:58:36 INFO  UserInterface:52 - sjgillet attempted login.
2017-11-18 13:58:36 INFO  UserInterface:52 - admin attempted login.
2017-11-18 13:58:36 TRACE UserInterface:67 - admin logged on.
2017-11-18 13:58:39 INFO  UserInterface:141 - admin logged out
2017-11-18 13:58:40 INFO  UserInterface:52 - admin attempted login.
2017-11-18 13:58:40 TRACE UserInterface:67 - admin logged on.
2017-11-18 13:58:40 TRACE UserInterface:433 - Admin admin CMD: Activate Bank Account
2017-11-18 13:58:40 INFO  UserInterface:141 - admin logged out
2017-11-18 13:58:40 INFO  UserInterface:52 - sjgillet attempted login.
2017-11-18 13:58:40 INFO  UserInterface:52 - admin attempted login.
2017-11-18 13:58:40 TRACE UserInterface:67 - admin logged on.
2017-11-18 21:03:49 WARN  UsersDataBase:52 - No users save file found. Will be generated on creating adminPrime user
2017-11-19 13:12:45 INFO  UserInterface:52 - admin attempted login.
2017-11-19 13:12:45 TRACE UserInterface:67 - admin logged on.
2017-11-19 13:12:48 TRACE UserInterface:329 - admin CMD: Open New Bank Account
2017-11-19 13:12:49 INFO  UserInterface:342 - admin opened account #8749702 successfully
2017-11-19 13:12:52 TRACE UserInterface:433 - Admin admin CMD: Activate Bank Account
2017-11-19 13:13:06 INFO  UserInterface:446 - Admin admin activated bank account #8749702
2017-11-19 13:13:11 TRACE UserInterface:151 - admin CMD: Balance Inquiry
2017-11-19 13:16:36 TRACE UserInterface:151 - admin CMD: Balance Inquiry
2017-11-19 13:16:43 TRACE UserInterface:184 - admin CMD: Deposit
2017-11-19 13:16:55 INFO  UserInterface:204 - admin deposited on account #8749702 successfully
2017-11-19 13:22:53 TRACE UserInterface:151 - admin CMD: Balance Inquiry
2017-11-19 13:22:54 INFO  UserInterface:172 - admin inquired balance on account #8749702 successsfully
2017-11-19 13:25:07 TRACE UserInterface:151 - admin CMD: Balance Inquiry
2017-11-19 13:25:09 INFO  UserInterface:172 - admin inquired balance on account #8749702 successsfully
2017-11-19 13:46:38 WARN  UsersDataBase:52 - No users save file found. Will be generated on creating adminPrime user
2017-11-19 13:46:38 WARN  Bank:54 - No accounts save file found. Will be generated at next serialization attempt
2017-11-19 13:51:10 WARN  UsersDataBase:54 - IOException caught in UsersDataBase.initialize(), at opening OIS
2017-11-19 19:18:16 INFO  UserInterface:52 - sjgillet attempted login.
2017-11-19 19:18:17 TRACE UserInterface:67 - sjgillet logged on.
2017-11-19 19:18:24 TRACE UserInterface:184 - sjgillet CMD: Deposit
2017-11-19 19:18:53 INFO  UserInterface:141 - sjgillet logged out
2017-11-19 19:18:58 INFO  UserInterface:52 - Oz attempted login.
2017-11-19 19:18:58 TRACE UserInterface:67 - Oz logged on.
2017-11-19 19:19:02 INFO  UserInterface:141 - Oz logged out
2017-11-19 19:19:15 TRACE UserInterface:77 - Creating user account.
2017-11-19 19:19:15 TRACE UserInterface:80 - UserID already exists.
2017-11-19 19:31:27 TRACE UserInterface:77 - Creating user account.
2017-11-19 19:32:20 INFO  UserInterface:96 - Created new user account: wilford
2017-11-19 19:32:30 INFO  UserInterface:52 - wilford attempted login.
2017-11-19 19:32:31 TRACE UserInterface:67 - wilford logged on.
2017-11-19 19:35:48 INFO  UserInterface:52 - wilford attempted login.
2017-11-19 19:35:56 INFO  UserInterface:52 - admin attempted login.
2017-11-19 19:35:56 INFO  UserInterface:56 - admin failed login
2017-11-19 19:36:05 INFO  UserInterface:52 - Oz attempted login.
2017-11-19 19:36:05 TRACE UserInterface:67 - Oz logged on.
2017-11-19 19:36:09 TRACE UserInterface:407 - Admin Oz CMD: Activate User
2017-11-19 19:39:56 INFO  UserInterface:52 - Oz attempted login.
2017-11-19 19:39:57 TRACE UserInterface:67 - Oz logged on.
2017-11-19 19:40:00 TRACE UserInterface:407 - Admin Oz CMD: Activate User
2017-11-19 19:40:01 INFO  UserInterface:418 - Admin Oz activated user wilford
2017-11-19 19:40:06 INFO  UserInterface:141 - Oz logged out
2017-11-19 19:40:10 INFO  UserInterface:52 - wilford attempted login.
2017-11-19 19:40:10 TRACE UserInterface:67 - wilford logged on.
2017-11-19 19:40:13 TRACE UserInterface:331 - wilford CMD: Open New Bank Account
2017-11-19 19:40:14 INFO  UserInterface:344 - wilford opened account #34763861 successfully
2017-11-19 19:40:15 TRACE UserInterface:331 - wilford CMD: Open New Bank Account
2017-11-19 19:40:16 INFO  UserInterface:344 - wilford opened account #54109025 successfully
2017-11-19 19:40:25 INFO  UserInterface:141 - wilford logged out
2017-11-19 19:40:29 INFO  UserInterface:52 - Oz attempted login.
2017-11-19 19:40:29 TRACE UserInterface:67 - Oz logged on.
2017-11-19 19:40:46 TRACE UserInterface:435 - Admin Oz CMD: Activate Bank Account
2017-11-19 19:40:48 INFO  UserInterface:448 - Admin Oz activated bank account #34763861
2017-11-19 19:40:59 TRACE UserInterface:435 - Admin Oz CMD: Activate Bank Account
2017-11-19 19:41:00 INFO  UserInterface:448 - Admin Oz activated bank account #54109025
2017-11-19 19:41:02 INFO  UserInterface:141 - Oz logged out
2017-11-19 19:41:06 INFO  UserInterface:52 - wilford attempted login.
2017-11-19 19:41:07 TRACE UserInterface:67 - wilford logged on.
2017-11-19 19:41:13 TRACE UserInterface:184 - wilford CMD: Deposit
2017-11-19 19:41:16 INFO  UserInterface:204 - wilford deposited on account #54109025 successfully
2017-11-19 19:41:20 TRACE UserInterface:184 - wilford CMD: Deposit
2017-11-19 19:41:31 INFO  UserInterface:204 - wilford deposited on account #34763861 successfully
2017-11-19 19:41:46 TRACE UserInterface:222 - wilford CMD: Withdraw
2017-11-19 19:41:50 INFO  UserInterface:250 - wilford withdrew funds on account #34763861 successfully
2017-11-19 19:41:56 TRACE UserInterface:222 - wilford CMD: Withdraw
2017-11-19 19:42:27 TRACE UserInterface:184 - wilford CMD: Deposit
2017-11-19 19:42:42 TRACE UserInterface:184 - wilford CMD: Deposit
2017-11-19 19:45:55 TRACE UserInterface:184 - wilford CMD: Deposit
2017-11-19 19:57:02 INFO  UserInterface:52 - wilford attempted login.
2017-11-19 19:57:03 INFO  UserInterface:56 - wilford failed login
2017-11-19 19:57:12 INFO  UserInterface:52 - wilford attempted login.
2017-11-19 19:57:13 TRACE UserInterface:67 - wilford logged on.
2017-11-19 19:57:17 TRACE UserInterface:151 - wilford CMD: Balance Inquiry
2017-11-19 19:59:58 INFO  UserInterface:52 - wilford attempted login.
2017-11-19 19:59:59 INFO  UserInterface:56 - wilford failed login
2017-11-19 20:00:21 INFO  UserInterface:52 - passwordw attempted login.
2017-11-19 20:00:21 INFO  UserInterface:56 - passwordw failed login
2017-11-19 20:00:26 INFO  UserInterface:52 - wilfrod attempted login.
2017-11-19 20:00:27 INFO  UserInterface:56 - wilfrod failed login
2017-11-19 20:00:32 INFO  UserInterface:52 - wilford attempted login.
2017-11-19 20:00:32 TRACE UserInterface:67 - wilford logged on.
2017-11-19 20:00:36 TRACE UserInterface:332 - wilford CMD: Open New Bank Account
2017-11-19 20:00:37 INFO  UserInterface:345 - wilford opened account #36077650 successfully
2017-11-19 20:00:38 TRACE UserInterface:332 - wilford CMD: Open New Bank Account
2017-11-19 20:00:39 INFO  UserInterface:345 - wilford opened account #61492739 successfully
2017-11-19 20:00:41 INFO  UserInterface:141 - wilford logged out
2017-11-19 20:00:45 INFO  UserInterface:52 - Oz attempted login.
2017-11-19 20:00:45 INFO  UserInterface:56 - Oz failed login
2017-11-19 20:00:50 INFO  UserInterface:52 - Oz attempted login.
2017-11-19 20:00:50 TRACE UserInterface:67 - Oz logged on.
2017-11-19 20:00:55 TRACE UserInterface:436 - Admin Oz CMD: Activate Bank Account
2017-11-19 20:01:04 INFO  UserInterface:449 - Admin Oz activated bank account #36077650
2017-11-19 20:01:08 TRACE UserInterface:436 - Admin Oz CMD: Activate Bank Account
2017-11-19 20:01:15 INFO  UserInterface:449 - Admin Oz activated bank account #61492739
2017-11-19 20:01:17 INFO  UserInterface:141 - Oz logged out
2017-11-19 20:01:27 INFO  UserInterface:52 - wilford attempted login.
2017-11-19 20:01:27 TRACE UserInterface:67 - wilford logged on.
2017-11-19 20:01:33 TRACE UserInterface:184 - wilford CMD: Deposit
2017-11-19 20:01:37 INFO  UserInterface:204 - wilford deposited on account #61492739 successfully
2017-11-19 20:01:40 TRACE UserInterface:184 - wilford CMD: Deposit
2017-11-19 20:01:47 INFO  UserInterface:204 - wilford deposited on account #36077650 successfully
2017-11-19 20:01:52 TRACE UserInterface:267 - wilford CMD: Transfer Funds
2017-11-19 20:02:02 INFO  UserInterface:307 - wilford transfered funds from account #36077650to account #61492739 successfully
2017-11-19 20:02:14 TRACE UserInterface:267 - wilford CMD: Transfer Funds
